#
# There is insufficient memory for the Java Runtime Environment to continue.
# Native memory allocation (mmap) failed to map 264241152 bytes for G1 virtual space
# Possible reasons:
#   The system is out of physical RAM or swap space
#   The process is running with CompressedOops enabled, and the Java Heap may be blocking the growth of the native heap
# Possible solutions:
#   Reduce memory load on the system
#   Increase physical memory or swap space
#   Check if swap backing store is full
#   Decrease Java heap size (-Xmx/-Xms)
#   Decrease number of Java threads
#   Decrease Java thread stack sizes (-Xss)
#   Set larger code cache with -XX:ReservedCodeCacheSize=
#   JVM is running with Zero Based Compressed Oops mode in which the Java heap is
#     placed in the first 32GB address space. The Java Heap base address is the
#     maximum limit for the native heap growth. Please use -XX:HeapBaseMinAddress
#     to set the Java Heap base and to place the Java Heap above 32GB virtual address.
# This output file may be truncated or incomplete.
#
#  Out of Memory Error (os_windows.cpp:3530), pid=23212, tid=36956
#
# JRE version:  (18.0.2.1+1) (build )
# Java VM: Java HotSpot(TM) 64-Bit Server VM (18.0.2.1+1-1, mixed mode, sharing, tiered, compressed oops, compressed class ptrs, g1 gc, windows-amd64)
# No core dump will be written. Minidumps are not enabled by default on client versions of Windows
#

---------------  S U M M A R Y ------------

Command Line: -Dclassworlds.conf=C:\Program Files\NetBeans-22\netbeans\java\maven\bin\m2.conf -Dmaven.home=C:\Program Files\NetBeans-22\netbeans\java\maven -Dlibrary.jansi.path=C:\Program Files\NetBeans-22\netbeans\java\maven\lib\jansi-native -Dmaven.multiModuleProjectDirectory=C:\Users\user\Desktop\AyaDatabase org.codehaus.plexus.classworlds.launcher.Launcher -Dexec.vmArgs= -Dexec.args=${exec.vmArgs} -classpath %classpath ${exec.mainClass} ${exec.appArgs} -Dexec.appArgs= -Dexec.mainClass=com.mycompany.ayadatabase.AyaDatabase -Dexec.executable=C:\Program Files\Java\jdk-18.0.2.1\bin\java.exe -Dmaven.ext.class.path=C:\Program Files\NetBeans-22\netbeans\java\maven-nblib\netbeans-eventspy.jar --no-transfer-progress process-classes org.codehaus.mojo:exec-maven-plugin:3.1.0:exec

Host: 11th Gen Intel(R) Core(TM) i7-1165G7 @ 2.80GHz, 8 cores, 15G,  Windows 11 , 64 bit Build 22621 (10.0.22621.3672)
Time: Wed Aug 14 21:49:42 2024 West Bank Gaza Daylight Time elapsed time: 0.010511 seconds (0d 0h 0m 0s)

---------------  T H R E A D  ---------------

Current thread (0x0000023064789ae0):  JavaThread "Unknown thread" [_thread_in_vm, id=36956, stack(0x000000fd78800000,0x000000fd78900000)]

Stack: [0x000000fd78800000,0x000000fd78900000]
Native frames: (J=compiled Java code, j=interpreted, Vv=VM code, C=native code)
V  [jvm.dll+0x6993aa]
V  [jvm.dll+0x7f46dd]
V  [jvm.dll+0x7f5fee]
V  [jvm.dll+0x7f66a3]
V  [jvm.dll+0x25cf1f]
V  [jvm.dll+0x6962f9]
V  [jvm.dll+0x68ae2a]
V  [jvm.dll+0x32255b]
V  [jvm.dll+0x329f36]
V  [jvm.dll+0x37eade]
V  [jvm.dll+0x37ed0f]
V  [jvm.dll+0x2fa2da]
V  [jvm.dll+0x2fb33d]
V  [jvm.dll+0x7c3310]
V  [jvm.dll+0x38be61]
V  [jvm.dll+0x7a2023]
V  [jvm.dll+0x40dc3f]
V  [jvm.dll+0x40f611]
C  [jli.dll+0x526b]
C  [ucrtbase.dll+0x29333]
C  [KERNEL32.DLL+0x1257d]
C  [ntdll.dll+0x5af28]


---------------  P R O C E S S  ---------------

Threads class SMR info:
_java_thread_list=0x00007ffb4272e550, length=0, elements={
}

Java Threads: ( => current thread )

Other Threads:
  0x00000230647fa000 WorkerThread "GC Thread#0" [stack: 0x000000fd78900000,0x000000fd78a00000] [id=5784]
  0x000002306480aa40 ConcurrentGCThread "G1 Main Marker" [stack: 0x000000fd78a00000,0x000000fd78b00000] [id=18116]
  0x000002306480b340 WorkerThread "G1 Conc#0" [stack: 0x000000fd78b00000,0x000000fd78c00000] [id=42452]

[error occurred during error reporting (printing all threads), id 0xc0000005, EXCEPTION_ACCESS_VIOLATION (0xc0000005) at pc=0x00007ffb41f5a877]

VM state: not at safepoint (not fully initialized)

VM Mutex/Monitor currently owned by a thread:  ([mutex/lock_event])
[0x0000023064783ce0] Heap_lock - owner thread: 0x0000023064789ae0

Heap address: 0x0000000704000000, size: 4032 MB, Compressed Oops mode: Zero based, Oop shift amount: 3

CDS archive(s) mapped at: [0x0000000000000000-0x0000000000000000-0x0000000000000000), size 0, SharedBaseAddress: 0x0000000800000000, ArchiveRelocationMode: 0.
Narrow klass base: 0x0000000000000000, Narrow klass shift: 0, Narrow klass range: 0x0

GC Precious Log:
 CardTable entry size: 512
 Card Set container configuration: InlinePtr #cards 4 size 8 Array Of Cards #cards 16 size 48 Howl #buckets 8 coarsen threshold 3686 Howl Bitmap #cards 512 size 80 coarsen threshold 460 Card regions per heap region 1 cards per card region 4096

Heap:
 garbage-first heap   total 0K, used 0K [0x0000000704000000, 0x0000000800000000)
  region size 2048K, 0 young (0K), 0 survivors (0K)

[error occurred during error reporting (printing heap information), id 0xc0000005, EXCEPTION_ACCESS_VIOLATION (0xc0000005) at pc=0x00007ffb42341839]

GC Heap History (0 events):
No events

Deoptimization events (0 events):
No events

Classes loaded (0 events):
No events

Classes unloaded (0 events):
No events

Classes redefined (0 events):
No events

Internal exceptions (0 events):
No events

VM Operations (0 events):
No events

Events (1 events):
Event: 0.007 Loaded shared library C:\Program Files\Java\jdk-18.0.2.1\bin\java.dll


Dynamic libraries:
0x00007ff642480000 - 0x00007ff642490000 	C:\Program Files\Java\jdk-18.0.2.1\bin\java.exe
0x00007ffb91570000 - 0x00007ffb91787000 	C:\WINDOWS\SYSTEM32\ntdll.dll
0x00007ffb8fdf0000 - 0x00007ffb8feb4000 	C:\WINDOWS\System32\KERNEL32.DLL
0x00007ffb8ebd0000 - 0x00007ffb8ef7d000 	C:\WINDOWS\System32\KERNELBASE.dll
0x00007ffb8e8a0000 - 0x00007ffb8e9b1000 	C:\WINDOWS\System32\ucrtbase.dll
0x00007ffb7f5a0000 - 0x00007ffb7f5ba000 	C:\Program Files\Java\jdk-18.0.2.1\bin\VCRUNTIME140.dll
0x00007ffb6d4b0000 - 0x00007ffb6d4c8000 	C:\Program Files\Java\jdk-18.0.2.1\bin\jli.dll
0x00007ffb8f6a0000 - 0x00007ffb8f752000 	C:\WINDOWS\System32\ADVAPI32.dll
0x00007ffb8fec0000 - 0x00007ffb8ff67000 	C:\WINDOWS\System32\msvcrt.dll
0x00007ffb8f4c0000 - 0x00007ffb8f569000 	C:\WINDOWS\System32\sechost.dll
0x00007ffb8eae0000 - 0x00007ffb8eb08000 	C:\WINDOWS\System32\bcrypt.dll
0x00007ffb90940000 - 0x00007ffb90a54000 	C:\WINDOWS\System32\RPCRT4.dll
0x00007ffb90a60000 - 0x00007ffb90c0e000 	C:\WINDOWS\System32\USER32.dll
0x00007ffb8ea30000 - 0x00007ffb8ea56000 	C:\WINDOWS\System32\win32u.dll
0x00007ffb8fc60000 - 0x00007ffb8fc89000 	C:\WINDOWS\System32\GDI32.dll
0x00007ffb8ef80000 - 0x00007ffb8f099000 	C:\WINDOWS\System32\gdi32full.dll
0x00007ffb8f0a0000 - 0x00007ffb8f13a000 	C:\WINDOWS\System32\msvcp_win.dll
0x00007ffb71490000 - 0x00007ffb71723000 	C:\WINDOWS\WinSxS\amd64_microsoft.windows.common-controls_6595b64144ccf1df_6.0.22621.3672_none_2713b9d173822955\COMCTL32.dll
0x00007ffb8e350000 - 0x00007ffb8e35a000 	C:\WINDOWS\SYSTEM32\VERSION.dll
0x00007ffb914f0000 - 0x00007ffb91521000 	C:\WINDOWS\System32\IMM32.DLL
0x000000006f1c0000 - 0x000000006f1cc000 	C:\Program Files (x86)\360\Total Security\safemon\SafeWrapper.dll
0x00007ffb0a1e0000 - 0x00007ffb0a28c000 	C:\Program Files (x86)\360\Total Security\safemon\libzdtp64.dll
0x00007ffb90c10000 - 0x00007ffb9146f000 	C:\WINDOWS\System32\SHELL32.dll
0x00007ffb8fd90000 - 0x00007ffb8fdee000 	C:\WINDOWS\System32\SHLWAPI.dll
0x00007ffb87730000 - 0x00007ffb8773c000 	C:\Program Files\Java\jdk-18.0.2.1\bin\vcruntime140_1.dll
0x00007ffb56c90000 - 0x00007ffb56d1d000 	C:\Program Files\Java\jdk-18.0.2.1\bin\msvcp140.dll
0x00007ffb41c50000 - 0x00007ffb42861000 	C:\Program Files\Java\jdk-18.0.2.1\bin\server\jvm.dll
0x00007ffb8fc50000 - 0x00007ffb8fc58000 	C:\WINDOWS\System32\PSAPI.DLL
0x00007ffb69540000 - 0x00007ffb69549000 	C:\WINDOWS\SYSTEM32\WSOCK32.dll
0x00007ffb90320000 - 0x00007ffb90391000 	C:\WINDOWS\System32\WS2_32.dll
0x00007ffb87450000 - 0x00007ffb87484000 	C:\WINDOWS\SYSTEM32\WINMM.dll
0x00007ffb8d8d0000 - 0x00007ffb8d8e8000 	C:\WINDOWS\SYSTEM32\kernel.appcore.dll
0x00007ffb81b70000 - 0x00007ffb81b7a000 	C:\Program Files\Java\jdk-18.0.2.1\bin\jimage.dll
0x00007ffb8c090000 - 0x00007ffb8c2c2000 	C:\WINDOWS\SYSTEM32\DBGHELP.DLL
0x00007ffb905b0000 - 0x00007ffb90938000 	C:\WINDOWS\System32\combase.dll
0x00007ffb8f590000 - 0x00007ffb8f667000 	C:\WINDOWS\System32\OLEAUT32.dll
0x00007ffb5a710000 - 0x00007ffb5a742000 	C:\WINDOWS\SYSTEM32\dbgcore.DLL
0x00007ffb8ea60000 - 0x00007ffb8eadb000 	C:\WINDOWS\System32\bcryptPrimitives.dll
0x00007ffb7f2a0000 - 0x00007ffb7f2c5000 	C:\Program Files\Java\jdk-18.0.2.1\bin\java.dll

dbghelp: loaded successfully - version: 4.0.5 - missing functions: none
symbol engine: initialized successfully - sym options: 0x614 - pdb path: .;C:\Program Files\Java\jdk-18.0.2.1\bin;C:\WINDOWS\SYSTEM32;C:\WINDOWS\WinSxS\amd64_microsoft.windows.common-controls_6595b64144ccf1df_6.0.22621.3672_none_2713b9d173822955;C:\Program Files (x86)\360\Total Security\safemon;C:\Program Files\Java\jdk-18.0.2.1\bin\server

VM Arguments:
jvm_args: -Dclassworlds.conf=C:\Program Files\NetBeans-22\netbeans\java\maven\bin\m2.conf -Dmaven.home=C:\Program Files\NetBeans-22\netbeans\java\maven -Dlibrary.jansi.path=C:\Program Files\NetBeans-22\netbeans\java\maven\lib\jansi-native -Dmaven.multiModuleProjectDirectory=C:\Users\user\Desktop\AyaDatabase 
java_command: org.codehaus.plexus.classworlds.launcher.Launcher -Dexec.vmArgs= -Dexec.args=${exec.vmArgs} -classpath %classpath ${exec.mainClass} ${exec.appArgs} -Dexec.appArgs= -Dexec.mainClass=com.mycompany.ayadatabase.AyaDatabase -Dexec.executable=C:\Program Files\Java\jdk-18.0.2.1\bin\java.exe -Dmaven.ext.class.path=C:\Program Files\NetBeans-22\netbeans\java\maven-nblib\netbeans-eventspy.jar --no-transfer-progress process-classes org.codehaus.mojo:exec-maven-plugin:3.1.0:exec
java_class_path (initial): C:\Program Files\NetBeans-22\netbeans\java\maven\boot\plexus-classworlds-2.7.0.jar
Launcher Type: SUN_STANDARD

[Global flags]
     intx CICompilerCount                          = 4                                         {product} {ergonomic}
     uint ConcGCThreads                            = 2                                         {product} {ergonomic}
     uint G1ConcRefinementThreads                  = 8                                         {product} {ergonomic}
   size_t G1HeapRegionSize                         = 2097152                                   {product} {ergonomic}
    uintx GCDrainStackTargetSize                   = 64                                        {product} {ergonomic}
   size_t InitialHeapSize                          = 264241152                                 {product} {ergonomic}
   size_t MarkStackSize                            = 4194304                                   {product} {ergonomic}
   size_t MaxHeapSize                              = 4227858432                                {product} {ergonomic}
   size_t MinHeapDeltaBytes                        = 2097152                                   {product} {ergonomic}
   size_t MinHeapSize                              = 8388608                                   {product} {ergonomic}
    uintx NonNMethodCodeHeapSize                   = 5839372                                {pd product} {ergonomic}
    uintx NonProfiledCodeHeapSize                  = 122909434                              {pd product} {ergonomic}
    uintx ProfiledCodeHeapSize                     = 122909434                              {pd product} {ergonomic}
    uintx ReservedCodeCacheSize                    = 251658240                              {pd product} {ergonomic}
     bool SegmentedCodeCache                       = true                                      {product} {ergonomic}
   size_t SoftMaxHeapSize                          = 4227858432                             {manageable} {ergonomic}
     bool UseCompressedClassPointers               = true                           {product lp64_product} {ergonomic}
     bool UseCompressedOops                        = true                           {product lp64_product} {ergonomic}
     bool UseG1GC                                  = true                                      {product} {ergonomic}
     bool UseLargePagesIndividualAllocation        = false                                  {pd product} {ergonomic}

Logging:
Log output configuration:
 #0: stdout all=warning uptime,level,tags foldmultilines=false
 #1: stderr all=off uptime,level,tags foldmultilines=false

Environment Variables:
JAVA_HOME=C:\Program Files\Java\jdk-18.0.2.1
PATH=C:\Users\user\Desktop\Database\app\oracle\product\11.2.0\server\bin;;C:\Program Files\Common Files\Oracle\Java\javapath;C:\WINDOWS\system32;C:\WINDOWS;C:\WINDOWS\System32\Wbem;C:\WINDOWS\System32\WindowsPowerShell\v1.0\;C:\WINDOWS\System32\OpenSSH\;C:\Program Files\Java\jdk-13.0.1\bin\;C:\Program Files\Java\jdk-22;C:\Program Files\Java\IntelliJ IDEA 2024.1.2\bin;;C:\Program Files\JetBrains\IntelliJ IDEA Community Edition 2024.1.2\bin;
USERNAME=user
OS=Windows_NT
PROCESSOR_IDENTIFIER=Intel64 Family 6 Model 140 Stepping 1, GenuineIntel



---------------  S Y S T E M  ---------------

OS:
 Windows 11 , 64 bit Build 22621 (10.0.22621.3672)
OS uptime: 1 days 15:30 hours

CPU: total 8 (initial active 8) (4 cores per cpu, 2 threads per core) family 6 model 140 stepping 1 microcode 0xac, cx8, cmov, fxsr, ht, mmx, 3dnowpref, sse, sse2, sse3, ssse3, sse4.1, sse4.2, popcnt, lzcnt, tsc, tscinvbit, avx, avx2, aes, erms, clmul, bmi1, bmi2, adx, avx512f, avx512dq, avx512cd, avx512bw, avx512vl, sha, fma, vzeroupper, avx512_vpopcntdq, avx512_vpclmulqdq, avx512_vaes, avx512_vnni, clflush, clflushopt, clwb, avx512_vbmi2, avx512_vbmi

Memory: 4k page, system-wide physical 16124M (1630M free)
TotalPageFile size 31547M (AvailPageFile size 194M)
current process WorkingSet (physical memory assigned to process): 12M, peak: 12M
current process commit charge ("private bytes"): 61M, peak: 312M

vm_info: Java HotSpot(TM) 64-Bit Server VM (18.0.2.1+1-1) for windows-amd64 JRE (18.0.2.1+1-1), built on Aug 16 2022 01:46:33 by "mach5one" with MS VC++ 16.8 / 16.9 (VS2019)

END.
